<?xml version="1.0" encoding="UTF-8"?>
<!-- Generated by org.testng.reporters.JUnitReportReporter -->
<testsuite skipped="0" hostname="TL0017" name="testcase.Loginlogout" tests="1" failures="0" timestamp="2022-04-12T19:45:55 IST" time="20.096" errors="0">
  <testcase name="runLoginAndLogout" time="20.096" classname="testcase.Loginlogout"/>
  <system-out/>
</testsuite> <!-- testcase.Loginlogout -->
